15-Sep-2023 15:57:40.445 정보 [main] org.apache.catalina.startup.VersionLoggerListener.log 서버 버전 이름:    Apache Tomcat/9.0.58
15-Sep-2023 15:57:40.455 정보 [main] org.apache.catalina.startup.VersionLoggerListener.log Server 빌드 시각:  Jan 15 2022 14:37:38 UTC
15-Sep-2023 15:57:40.455 정보 [main] org.apache.catalina.startup.VersionLoggerListener.log Server 버전 번호:  9.0.58.0
15-Sep-2023 15:57:40.455 정보 [main] org.apache.catalina.startup.VersionLoggerListener.log 운영체제 이름:     Windows 11
15-Sep-2023 15:57:40.455 정보 [main] org.apache.catalina.startup.VersionLoggerListener.log 운영체제 버전:     10.0
15-Sep-2023 15:57:40.455 정보 [main] org.apache.catalina.startup.VersionLoggerListener.log 아키텍처:          amd64
15-Sep-2023 15:57:40.455 정보 [main] org.apache.catalina.startup.VersionLoggerListener.log 자바 홈:           C:\Program Files\Java\jre1.8.0_321
15-Sep-2023 15:57:40.455 정보 [main] org.apache.catalina.startup.VersionLoggerListener.log JVM 버전:          1.8.0_321-b07
15-Sep-2023 15:57:40.455 정보 [main] org.apache.catalina.startup.VersionLoggerListener.log JVM 벤더:          Oracle Corporation
15-Sep-2023 15:57:40.455 정보 [main] org.apache.catalina.startup.VersionLoggerListener.log CATALINA_BASE:     C:\Tomcat9.0
15-Sep-2023 15:57:40.455 정보 [main] org.apache.catalina.startup.VersionLoggerListener.log CATALINA_HOME:     C:\Tomcat9.0
15-Sep-2023 15:57:40.466 정보 [main] org.apache.catalina.startup.VersionLoggerListener.log 명령 행 아규먼트:  -Dcatalina.home=C:\Tomcat9.0
15-Sep-2023 15:57:40.466 정보 [main] org.apache.catalina.startup.VersionLoggerListener.log 명령 행 아규먼트:  -Dcatalina.base=C:\Tomcat9.0
15-Sep-2023 15:57:40.466 정보 [main] org.apache.catalina.startup.VersionLoggerListener.log 명령 행 아규먼트:  -Djava.io.tmpdir=C:\Tomcat9.0\temp
15-Sep-2023 15:57:40.466 정보 [main] org.apache.catalina.startup.VersionLoggerListener.log 명령 행 아규먼트:  -Djava.util.logging.manager=org.apache.juli.ClassLoaderLogManager
15-Sep-2023 15:57:40.466 정보 [main] org.apache.catalina.startup.VersionLoggerListener.log 명령 행 아규먼트:  -Djava.util.logging.config.file=C:\Tomcat9.0\conf\logging.properties
15-Sep-2023 15:57:40.466 정보 [main] org.apache.catalina.startup.VersionLoggerListener.log 명령 행 아규먼트:  exit
15-Sep-2023 15:57:40.466 정보 [main] org.apache.catalina.startup.VersionLoggerListener.log 명령 행 아규먼트:  abort
15-Sep-2023 15:57:40.466 정보 [main] org.apache.catalina.startup.VersionLoggerListener.log 명령 행 아규먼트:  -Xms128m
15-Sep-2023 15:57:40.466 정보 [main] org.apache.catalina.startup.VersionLoggerListener.log 명령 행 아규먼트:  -Xmx256m
15-Sep-2023 15:57:40.477 정보 [main] org.apache.catalina.core.AprLifecycleListener.lifecycleEvent APR 버전 [1.7.0]을(를) 사용한, APR 기반 Apache Tomcat Native 라이브러리 [1.2.31]을(를) 로드했습니다.
15-Sep-2023 15:57:40.477 정보 [main] org.apache.catalina.core.AprLifecycleListener.lifecycleEvent APR 용량정보들: IPv6 [true], sendfile [true], accept filters [false], random [true], UDS [true].
15-Sep-2023 15:57:40.477 정보 [main] org.apache.catalina.core.AprLifecycleListener.lifecycleEvent APR/OpenSSL 설정: useAprConnector [false], useOpenSSL [true]
15-Sep-2023 15:57:40.500 정보 [main] org.apache.catalina.core.AprLifecycleListener.initializeSSL OpenSSL이 성공적으로 초기화되었습니다: [OpenSSL 1.1.1l  24 Aug 2021]
15-Sep-2023 15:57:41.053 정보 [main] org.apache.coyote.AbstractProtocol.init 프로토콜 핸들러 ["http-nio-8080"]을(를) 초기화합니다.
15-Sep-2023 15:57:41.085 정보 [main] org.apache.catalina.startup.Catalina.load [930] 밀리초 내에 서버가 초기화되었습니다.
15-Sep-2023 15:57:41.145 정보 [main] org.apache.catalina.core.StandardService.startInternal 서비스 [Catalina]을(를) 시작합니다.
15-Sep-2023 15:57:41.145 정보 [main] org.apache.catalina.core.StandardEngine.startInternal 서버 엔진을 시작합니다: [Apache Tomcat/9.0.58]
15-Sep-2023 15:57:41.156 정보 [main] org.apache.catalina.startup.HostConfig.deployDirectory 웹 애플리케이션 디렉토리 [C:\Tomcat9.0\webapps\docs]을(를) 배치합니다.
15-Sep-2023 15:57:41.546 경고 [main] org.apache.catalina.util.SessionIdGeneratorBase.createSecureRandom [SHA1PRNG] 알고리즘을 사용하여, 세션 ID를 생성하기 위한 SecureRandom 객체를 생성하는데, [157] 밀리초가 소요됐습니다.
15-Sep-2023 15:57:41.561 정보 [main] org.apache.catalina.startup.HostConfig.deployDirectory 웹 애플리케이션 디렉토리 [C:\Tomcat9.0\webapps\docs]에 대한 배치가 [408] 밀리초에 완료되었습니다.
15-Sep-2023 15:57:41.577 정보 [main] org.apache.catalina.startup.HostConfig.deployDirectory 웹 애플리케이션 디렉토리 [C:\Tomcat9.0\webapps\manager]을(를) 배치합니다.
15-Sep-2023 15:57:41.624 정보 [main] org.apache.catalina.startup.HostConfig.deployDirectory 웹 애플리케이션 디렉토리 [C:\Tomcat9.0\webapps\manager]에 대한 배치가 [47] 밀리초에 완료되었습니다.
15-Sep-2023 15:57:41.624 정보 [main] org.apache.catalina.startup.HostConfig.deployDirectory 웹 애플리케이션 디렉토리 [C:\Tomcat9.0\webapps\ROOT]을(를) 배치합니다.
15-Sep-2023 15:57:41.640 정보 [main] org.apache.catalina.startup.HostConfig.deployDirectory 웹 애플리케이션 디렉토리 [C:\Tomcat9.0\webapps\ROOT]에 대한 배치가 [16] 밀리초에 완료되었습니다.
15-Sep-2023 15:57:41.640 정보 [main] org.apache.coyote.AbstractProtocol.start 프로토콜 핸들러 ["http-nio-8080"]을(를) 시작합니다.
15-Sep-2023 15:57:41.687 정보 [main] org.apache.catalina.startup.Catalina.start 서버가 [607] 밀리초 내에 시작되었습니다.
15-Sep-2023 18:06:05.252 정보 [main] org.apache.catalina.startup.VersionLoggerListener.log 서버 버전 이름:    Apache Tomcat/9.0.58
15-Sep-2023 18:06:05.252 정보 [main] org.apache.catalina.startup.VersionLoggerListener.log Server 빌드 시각:  Jan 15 2022 14:37:38 UTC
15-Sep-2023 18:06:05.252 정보 [main] org.apache.catalina.startup.VersionLoggerListener.log Server 버전 번호:  9.0.58.0
15-Sep-2023 18:06:05.252 정보 [main] org.apache.catalina.startup.VersionLoggerListener.log 운영체제 이름:     Windows 11
15-Sep-2023 18:06:05.252 정보 [main] org.apache.catalina.startup.VersionLoggerListener.log 운영체제 버전:     10.0
15-Sep-2023 18:06:05.252 정보 [main] org.apache.catalina.startup.VersionLoggerListener.log 아키텍처:          amd64
15-Sep-2023 18:06:05.252 정보 [main] org.apache.catalina.startup.VersionLoggerListener.log 자바 홈:           C:\Program Files\Java\jre1.8.0_321
15-Sep-2023 18:06:05.268 정보 [main] org.apache.catalina.startup.VersionLoggerListener.log JVM 버전:          1.8.0_321-b07
15-Sep-2023 18:06:05.268 정보 [main] org.apache.catalina.startup.VersionLoggerListener.log JVM 벤더:          Oracle Corporation
15-Sep-2023 18:06:05.268 정보 [main] org.apache.catalina.startup.VersionLoggerListener.log CATALINA_BASE:     C:\Tomcat9.0
15-Sep-2023 18:06:05.268 정보 [main] org.apache.catalina.startup.VersionLoggerListener.log CATALINA_HOME:     C:\Tomcat9.0
15-Sep-2023 18:06:05.268 정보 [main] org.apache.catalina.startup.VersionLoggerListener.log 명령 행 아규먼트:  -Dcatalina.home=C:\Tomcat9.0
15-Sep-2023 18:06:05.268 정보 [main] org.apache.catalina.startup.VersionLoggerListener.log 명령 행 아규먼트:  -Dcatalina.base=C:\Tomcat9.0
15-Sep-2023 18:06:05.268 정보 [main] org.apache.catalina.startup.VersionLoggerListener.log 명령 행 아규먼트:  -Djava.io.tmpdir=C:\Tomcat9.0\temp
15-Sep-2023 18:06:05.268 정보 [main] org.apache.catalina.startup.VersionLoggerListener.log 명령 행 아규먼트:  -Djava.util.logging.manager=org.apache.juli.ClassLoaderLogManager
15-Sep-2023 18:06:05.268 정보 [main] org.apache.catalina.startup.VersionLoggerListener.log 명령 행 아규먼트:  -Djava.util.logging.config.file=C:\Tomcat9.0\conf\logging.properties
15-Sep-2023 18:06:05.268 정보 [main] org.apache.catalina.startup.VersionLoggerListener.log 명령 행 아규먼트:  exit
15-Sep-2023 18:06:05.268 정보 [main] org.apache.catalina.startup.VersionLoggerListener.log 명령 행 아규먼트:  abort
15-Sep-2023 18:06:05.268 정보 [main] org.apache.catalina.startup.VersionLoggerListener.log 명령 행 아규먼트:  -Xms128m
15-Sep-2023 18:06:05.268 정보 [main] org.apache.catalina.startup.VersionLoggerListener.log 명령 행 아규먼트:  -Xmx256m
15-Sep-2023 18:06:05.299 정보 [main] org.apache.catalina.core.AprLifecycleListener.lifecycleEvent APR 버전 [1.7.0]을(를) 사용한, APR 기반 Apache Tomcat Native 라이브러리 [1.2.31]을(를) 로드했습니다.
15-Sep-2023 18:06:05.299 정보 [main] org.apache.catalina.core.AprLifecycleListener.lifecycleEvent APR 용량정보들: IPv6 [true], sendfile [true], accept filters [false], random [true], UDS [true].
15-Sep-2023 18:06:05.299 정보 [main] org.apache.catalina.core.AprLifecycleListener.lifecycleEvent APR/OpenSSL 설정: useAprConnector [false], useOpenSSL [true]
15-Sep-2023 18:06:05.330 정보 [main] org.apache.catalina.core.AprLifecycleListener.initializeSSL OpenSSL이 성공적으로 초기화되었습니다: [OpenSSL 1.1.1l  24 Aug 2021]
15-Sep-2023 18:06:06.020 정보 [main] org.apache.coyote.AbstractProtocol.init 프로토콜 핸들러 ["http-nio-8080"]을(를) 초기화합니다.
15-Sep-2023 18:06:06.067 정보 [main] org.apache.catalina.startup.Catalina.load [1307] 밀리초 내에 서버가 초기화되었습니다.
15-Sep-2023 18:06:06.192 정보 [main] org.apache.catalina.core.StandardService.startInternal 서비스 [Catalina]을(를) 시작합니다.
15-Sep-2023 18:06:06.192 정보 [main] org.apache.catalina.core.StandardEngine.startInternal 서버 엔진을 시작합니다: [Apache Tomcat/9.0.58]
15-Sep-2023 18:06:06.224 정보 [main] org.apache.catalina.startup.HostConfig.deployDirectory 웹 애플리케이션 디렉토리 [C:\Tomcat9.0\webapps\docs]을(를) 배치합니다.
15-Sep-2023 18:06:06.977 경고 [main] org.apache.catalina.util.SessionIdGeneratorBase.createSecureRandom [SHA1PRNG] 알고리즘을 사용하여, 세션 ID를 생성하기 위한 SecureRandom 객체를 생성하는데, [377] 밀리초가 소요됐습니다.
15-Sep-2023 18:06:07.008 정보 [main] org.apache.catalina.startup.HostConfig.deployDirectory 웹 애플리케이션 디렉토리 [C:\Tomcat9.0\webapps\docs]에 대한 배치가 [784] 밀리초에 완료되었습니다.
15-Sep-2023 18:06:07.008 정보 [main] org.apache.catalina.startup.HostConfig.deployDirectory 웹 애플리케이션 디렉토리 [C:\Tomcat9.0\webapps\manager]을(를) 배치합니다.
15-Sep-2023 18:06:07.056 정보 [main] org.apache.catalina.startup.HostConfig.deployDirectory 웹 애플리케이션 디렉토리 [C:\Tomcat9.0\webapps\manager]에 대한 배치가 [48] 밀리초에 완료되었습니다.
15-Sep-2023 18:06:07.056 정보 [main] org.apache.catalina.startup.HostConfig.deployDirectory 웹 애플리케이션 디렉토리 [C:\Tomcat9.0\webapps\ROOT]을(를) 배치합니다.
15-Sep-2023 18:06:07.071 정보 [main] org.apache.catalina.startup.HostConfig.deployDirectory 웹 애플리케이션 디렉토리 [C:\Tomcat9.0\webapps\ROOT]에 대한 배치가 [15] 밀리초에 완료되었습니다.
15-Sep-2023 18:06:07.071 정보 [main] org.apache.coyote.AbstractProtocol.start 프로토콜 핸들러 ["http-nio-8080"]을(를) 시작합니다.
15-Sep-2023 18:06:07.103 정보 [main] org.apache.catalina.startup.Catalina.start 서버가 [1036] 밀리초 내에 시작되었습니다.
15-Sep-2023 18:58:01.226 정보 [Thread-4] org.apache.coyote.AbstractProtocol.pause 프로토콜 핸들러 ["http-nio-8080"]을(를) 일시 정지 중
15-Sep-2023 18:58:01.351 정보 [Thread-4] org.apache.catalina.core.StandardService.stopInternal 서비스 [Catalina]을(를) 중지시킵니다.
15-Sep-2023 18:58:01.371 정보 [Thread-4] org.apache.coyote.AbstractProtocol.stop 프로토콜 핸들러 ["http-nio-8080"]을(를) 중지시킵니다.
15-Sep-2023 18:58:01.387 정보 [Thread-4] org.apache.coyote.AbstractProtocol.destroy 프로토콜 핸들러 ["http-nio-8080"]을(를) 소멸시킵니다.
15-Sep-2023 18:58:29.755 정보 [main] org.apache.catalina.startup.VersionLoggerListener.log 서버 버전 이름:    Apache Tomcat/9.0.58
15-Sep-2023 18:58:29.755 정보 [main] org.apache.catalina.startup.VersionLoggerListener.log Server 빌드 시각:  Jan 15 2022 14:37:38 UTC
15-Sep-2023 18:58:29.755 정보 [main] org.apache.catalina.startup.VersionLoggerListener.log Server 버전 번호:  9.0.58.0
15-Sep-2023 18:58:29.755 정보 [main] org.apache.catalina.startup.VersionLoggerListener.log 운영체제 이름:     Windows 11
15-Sep-2023 18:58:29.755 정보 [main] org.apache.catalina.startup.VersionLoggerListener.log 운영체제 버전:     10.0
15-Sep-2023 18:58:29.755 정보 [main] org.apache.catalina.startup.VersionLoggerListener.log 아키텍처:          amd64
15-Sep-2023 18:58:29.755 정보 [main] org.apache.catalina.startup.VersionLoggerListener.log 자바 홈:           C:\Program Files\Java\jre1.8.0_321
15-Sep-2023 18:58:29.755 정보 [main] org.apache.catalina.startup.VersionLoggerListener.log JVM 버전:          1.8.0_321-b07
15-Sep-2023 18:58:29.755 정보 [main] org.apache.catalina.startup.VersionLoggerListener.log JVM 벤더:          Oracle Corporation
15-Sep-2023 18:58:29.755 정보 [main] org.apache.catalina.startup.VersionLoggerListener.log CATALINA_BASE:     C:\Tomcat9.0
15-Sep-2023 18:58:29.755 정보 [main] org.apache.catalina.startup.VersionLoggerListener.log CATALINA_HOME:     C:\Tomcat9.0
15-Sep-2023 18:58:29.770 정보 [main] org.apache.catalina.startup.VersionLoggerListener.log 명령 행 아규먼트:  -Dcatalina.home=C:\Tomcat9.0
15-Sep-2023 18:58:29.770 정보 [main] org.apache.catalina.startup.VersionLoggerListener.log 명령 행 아규먼트:  -Dcatalina.base=C:\Tomcat9.0
15-Sep-2023 18:58:29.770 정보 [main] org.apache.catalina.startup.VersionLoggerListener.log 명령 행 아규먼트:  -Djava.io.tmpdir=C:\Tomcat9.0\temp
15-Sep-2023 18:58:29.770 정보 [main] org.apache.catalina.startup.VersionLoggerListener.log 명령 행 아규먼트:  -Djava.util.logging.manager=org.apache.juli.ClassLoaderLogManager
15-Sep-2023 18:58:29.770 정보 [main] org.apache.catalina.startup.VersionLoggerListener.log 명령 행 아규먼트:  -Djava.util.logging.config.file=C:\Tomcat9.0\conf\logging.properties
15-Sep-2023 18:58:29.770 정보 [main] org.apache.catalina.startup.VersionLoggerListener.log 명령 행 아규먼트:  exit
15-Sep-2023 18:58:29.770 정보 [main] org.apache.catalina.startup.VersionLoggerListener.log 명령 행 아규먼트:  abort
15-Sep-2023 18:58:29.770 정보 [main] org.apache.catalina.startup.VersionLoggerListener.log 명령 행 아규먼트:  -Xms128m
15-Sep-2023 18:58:29.770 정보 [main] org.apache.catalina.startup.VersionLoggerListener.log 명령 행 아규먼트:  -Xmx256m
15-Sep-2023 18:58:29.786 정보 [main] org.apache.catalina.core.AprLifecycleListener.lifecycleEvent APR 버전 [1.7.0]을(를) 사용한, APR 기반 Apache Tomcat Native 라이브러리 [1.2.31]을(를) 로드했습니다.
15-Sep-2023 18:58:29.786 정보 [main] org.apache.catalina.core.AprLifecycleListener.lifecycleEvent APR 용량정보들: IPv6 [true], sendfile [true], accept filters [false], random [true], UDS [true].
15-Sep-2023 18:58:29.786 정보 [main] org.apache.catalina.core.AprLifecycleListener.lifecycleEvent APR/OpenSSL 설정: useAprConnector [false], useOpenSSL [true]
15-Sep-2023 18:58:29.818 정보 [main] org.apache.catalina.core.AprLifecycleListener.initializeSSL OpenSSL이 성공적으로 초기화되었습니다: [OpenSSL 1.1.1l  24 Aug 2021]
15-Sep-2023 18:58:30.272 정보 [main] org.apache.coyote.AbstractProtocol.init 프로토콜 핸들러 ["http-nio-8080"]을(를) 초기화합니다.
15-Sep-2023 18:58:30.319 정보 [main] org.apache.catalina.startup.Catalina.load [855] 밀리초 내에 서버가 초기화되었습니다.
15-Sep-2023 18:58:30.397 정보 [main] org.apache.catalina.core.StandardService.startInternal 서비스 [Catalina]을(를) 시작합니다.
15-Sep-2023 18:58:30.397 정보 [main] org.apache.catalina.core.StandardEngine.startInternal 서버 엔진을 시작합니다: [Apache Tomcat/9.0.58]
15-Sep-2023 18:58:30.414 정보 [main] org.apache.catalina.startup.HostConfig.deployDirectory 웹 애플리케이션 디렉토리 [C:\Tomcat9.0\webapps\docs]을(를) 배치합니다.
15-Sep-2023 18:58:30.837 경고 [main] org.apache.catalina.util.SessionIdGeneratorBase.createSecureRandom [SHA1PRNG] 알고리즘을 사용하여, 세션 ID를 생성하기 위한 SecureRandom 객체를 생성하는데, [141] 밀리초가 소요됐습니다.
15-Sep-2023 18:58:30.868 정보 [main] org.apache.catalina.startup.HostConfig.deployDirectory 웹 애플리케이션 디렉토리 [C:\Tomcat9.0\webapps\docs]에 대한 배치가 [454] 밀리초에 완료되었습니다.
15-Sep-2023 18:58:30.868 정보 [main] org.apache.catalina.startup.HostConfig.deployDirectory 웹 애플리케이션 디렉토리 [C:\Tomcat9.0\webapps\manager]을(를) 배치합니다.
15-Sep-2023 18:58:30.900 정보 [main] org.apache.catalina.startup.HostConfig.deployDirectory 웹 애플리케이션 디렉토리 [C:\Tomcat9.0\webapps\manager]에 대한 배치가 [32] 밀리초에 완료되었습니다.
15-Sep-2023 18:58:30.900 정보 [main] org.apache.catalina.startup.HostConfig.deployDirectory 웹 애플리케이션 디렉토리 [C:\Tomcat9.0\webapps\ROOT]을(를) 배치합니다.
15-Sep-2023 18:58:30.915 정보 [main] org.apache.catalina.startup.HostConfig.deployDirectory 웹 애플리케이션 디렉토리 [C:\Tomcat9.0\webapps\ROOT]에 대한 배치가 [15] 밀리초에 완료되었습니다.
15-Sep-2023 18:58:30.931 정보 [main] org.apache.coyote.AbstractProtocol.start 프로토콜 핸들러 ["http-nio-8080"]을(를) 시작합니다.
15-Sep-2023 18:58:30.962 정보 [main] org.apache.catalina.startup.Catalina.start 서버가 [639] 밀리초 내에 시작되었습니다.
