[2023-09-20 17:59:33] [info]  [ 7592] Apache Commons Daemon procrun (1.2.4.0 64-bit) started.
[2023-09-20 17:59:33] [info]  [ 7592] Running Service 'Tomcat9'...
[2023-09-20 17:59:33] [info]  [ 8280] Starting service...
[2023-09-20 17:59:36] [info]  [ 8280] Service started in 2117 milliseconds.
[2023-09-20 19:31:41] [info]  [ 4696] Console SHUTDOWN event signaled.
[2023-09-20 19:31:41] [info]  [ 4696] Stopping service...
[2023-09-20 19:31:42] [info]  [ 4696] Service stop thread completed.
[2023-09-20 19:31:42] [info]  [ 7592] Run service finished.
[2023-09-20 19:31:42] [info]  [ 7592] Apache Commons Daemon procrun finished.
[2023-09-20 19:32:07] [info]  [ 7520] Apache Commons Daemon procrun (1.2.4.0 64-bit) started.
[2023-09-20 19:32:07] [info]  [ 7520] Running Service 'Tomcat9'...
[2023-09-20 19:32:07] [info]  [ 8096] Starting service...
[2023-09-20 19:32:10] [info]  [ 8096] Service started in 2186 milliseconds.
[2023-09-20 20:26:21] [info]  [14272] Console SHUTDOWN event signaled.
[2023-09-20 20:26:21] [info]  [14272] Stopping service...
[2023-09-20 20:26:22] [info]  [14272] Service stop thread completed.
[2023-09-20 20:26:22] [info]  [ 7520] Run service finished.
[2023-09-20 20:26:22] [info]  [ 7520] Apache Commons Daemon procrun finished.
[2023-09-20 20:26:48] [info]  [ 7284] Apache Commons Daemon procrun (1.2.4.0 64-bit) started.
[2023-09-20 20:26:48] [info]  [ 7284] Running Service 'Tomcat9'...
[2023-09-20 20:26:48] [info]  [ 7988] Starting service...
[2023-09-20 20:26:50] [info]  [ 7988] Service started in 1865 milliseconds.
[2023-09-22 18:05:28] [info]  [ 9632] Console SHUTDOWN event signaled.
[2023-09-22 18:05:28] [info]  [ 9632] Stopping service...
[2023-09-22 18:05:29] [info]  [ 9632] Service stop thread completed.
[2023-09-22 18:05:29] [info]  [ 7284] Run service finished.
[2023-09-22 18:05:29] [info]  [ 7284] Apache Commons Daemon procrun finished.
