[2023-09-15 15:57:39] [info]  [ 6548] Apache Commons Daemon procrun (1.2.4.0 64-bit) started.
[2023-09-15 15:57:39] [info]  [ 6548] Running Service 'Tomcat9'...
[2023-09-15 15:57:39] [info]  [ 7232] Starting service...
[2023-09-15 15:57:41] [info]  [ 7232] Service started in 1657 milliseconds.
[2023-09-15 18:06:03] [info]  [ 8828] Apache Commons Daemon procrun (1.2.4.0 64-bit) started.
[2023-09-15 18:06:03] [info]  [ 8828] Running Service 'Tomcat9'...
[2023-09-15 18:06:03] [info]  [ 9828] Starting service...
[2023-09-15 18:06:05] [info]  [ 9828] Service started in 2214 milliseconds.
[2023-09-15 18:58:01] [info]  [ 6180] Console SHUTDOWN event signaled.
[2023-09-15 18:58:01] [info]  [ 6180] Stopping service...
[2023-09-15 18:58:02] [info]  [ 6180] Service stop thread completed.
[2023-09-15 18:58:02] [info]  [ 8828] Run service finished.
[2023-09-15 18:58:02] [info]  [ 8828] Apache Commons Daemon procrun finished.
[2023-09-15 18:58:28] [info]  [ 5764] Apache Commons Daemon procrun (1.2.4.0 64-bit) started.
[2023-09-15 18:58:28] [info]  [ 5764] Running Service 'Tomcat9'...
[2023-09-15 18:58:28] [info]  [ 7240] Starting service...
[2023-09-15 18:58:30] [info]  [ 7240] Service started in 1705 milliseconds.
[2023-09-19 17:39:58] [info]  [20504] Console SHUTDOWN event signaled.
[2023-09-19 17:39:58] [info]  [20504] Stopping service...
[2023-09-19 17:39:59] [info]  [20504] Service stop thread completed.
[2023-09-19 17:39:59] [info]  [ 5764] Run service finished.
[2023-09-19 17:39:59] [info]  [ 5764] Apache Commons Daemon procrun finished.
