[2023-08-31 04:17:44] [info]  [ 6584] Apache Commons Daemon procrun (1.2.4.0 64-bit) started.
[2023-08-31 04:17:44] [info]  [ 6584] Running Service 'Tomcat9'...
[2023-08-31 04:17:44] [info]  [ 7604] Starting service...
[2023-08-31 04:17:46] [info]  [ 7604] Service started in 1888 milliseconds.
[2023-08-31 04:40:59] [info]  [ 1728] Console SHUTDOWN event signaled.
[2023-08-31 04:40:59] [info]  [ 1728] Stopping service...
[2023-08-31 04:41:00] [info]  [ 1728] Service stop thread completed.
[2023-08-31 04:41:00] [info]  [ 6584] Run service finished.
[2023-08-31 04:41:01] [info]  [ 6584] Apache Commons Daemon procrun finished.
[2023-08-31 04:41:23] [info]  [ 5024] Apache Commons Daemon procrun (1.2.4.0 64-bit) started.
[2023-08-31 04:41:24] [info]  [ 5024] Running Service 'Tomcat9'...
[2023-08-31 04:41:24] [info]  [ 7172] Starting service...
[2023-08-31 04:41:26] [info]  [ 7172] Service started in 1704 milliseconds.
[2023-08-31 04:41:52] [info]  [ 9040] Console SHUTDOWN event signaled.
[2023-08-31 04:41:52] [info]  [ 9040] Stopping service...
[2023-08-31 04:41:53] [info]  [ 9040] Service stop thread completed.
[2023-08-31 04:41:53] [info]  [ 5024] Run service finished.
[2023-08-31 04:41:53] [info]  [ 5024] Apache Commons Daemon procrun finished.
[2023-08-31 04:42:14] [info]  [ 5448] Apache Commons Daemon procrun (1.2.4.0 64-bit) started.
[2023-08-31 04:42:14] [info]  [ 5448] Running Service 'Tomcat9'...
[2023-08-31 04:42:14] [info]  [ 6348] Starting service...
[2023-08-31 04:42:16] [info]  [ 6348] Service started in 1675 milliseconds.
[2023-08-31 04:50:52] [info]  [15608] Console SHUTDOWN event signaled.
[2023-08-31 04:50:52] [info]  [15608] Stopping service...
[2023-08-31 04:50:53] [info]  [15608] Service stop thread completed.
[2023-08-31 04:50:53] [info]  [ 5448] Run service finished.
[2023-08-31 04:50:53] [info]  [ 5448] Apache Commons Daemon procrun finished.
[2023-08-31 04:51:16] [info]  [ 5324] Apache Commons Daemon procrun (1.2.4.0 64-bit) started.
[2023-08-31 04:51:16] [info]  [ 5324] Running Service 'Tomcat9'...
[2023-08-31 04:51:16] [info]  [ 6104] Starting service...
[2023-08-31 04:51:17] [info]  [ 6104] Service started in 1635 milliseconds.
[2023-08-31 05:32:06] [info]  [ 7984] Console SHUTDOWN event signaled.
[2023-08-31 05:32:06] [info]  [ 7984] Stopping service...
[2023-08-31 05:32:07] [info]  [ 7984] Service stop thread completed.
[2023-08-31 05:32:07] [info]  [ 5324] Run service finished.
[2023-08-31 05:32:07] [info]  [ 5324] Apache Commons Daemon procrun finished.
[2023-08-31 05:33:41] [info]  [ 5012] Apache Commons Daemon procrun (1.2.4.0 64-bit) started.
[2023-08-31 05:33:41] [info]  [ 5012] Running Service 'Tomcat9'...
[2023-08-31 05:33:41] [info]  [ 5644] Starting service...
[2023-08-31 05:33:42] [info]  [ 5644] Service started in 1610 milliseconds.
[2023-08-31 05:43:43] [info]  [13680] Console SHUTDOWN event signaled.
[2023-08-31 05:43:43] [info]  [13680] Stopping service...
[2023-08-31 05:43:44] [info]  [13680] Service stop thread completed.
[2023-08-31 05:43:44] [info]  [ 5012] Run service finished.
[2023-08-31 05:43:44] [info]  [ 5012] Apache Commons Daemon procrun finished.
[2023-08-31 05:44:07] [info]  [ 7456] Apache Commons Daemon procrun (1.2.4.0 64-bit) started.
[2023-08-31 05:44:07] [info]  [ 7456] Running Service 'Tomcat9'...
[2023-08-31 05:44:07] [info]  [ 7968] Starting service...
[2023-08-31 05:44:09] [info]  [ 7968] Service started in 1774 milliseconds.
[2023-08-31 06:51:41] [info]  [ 1636] Console SHUTDOWN event signaled.
[2023-08-31 06:51:41] [info]  [ 1636] Stopping service...
[2023-08-31 06:51:42] [info]  [ 1636] Service stop thread completed.
[2023-08-31 06:51:42] [info]  [ 7456] Run service finished.
[2023-08-31 06:51:42] [info]  [ 7456] Apache Commons Daemon procrun finished.
[2023-08-31 06:52:06] [info]  [ 5792] Apache Commons Daemon procrun (1.2.4.0 64-bit) started.
[2023-08-31 06:52:06] [info]  [ 5792] Running Service 'Tomcat9'...
[2023-08-31 06:52:06] [info]  [ 6508] Starting service...
[2023-08-31 06:52:08] [info]  [ 6508] Service started in 1856 milliseconds.
[2023-08-31 07:10:09] [info]  [ 9556] Console SHUTDOWN event signaled.
[2023-08-31 07:10:09] [info]  [ 9556] Stopping service...
[2023-08-31 07:10:10] [info]  [ 9556] Service stop thread completed.
[2023-08-31 07:10:10] [info]  [ 5792] Run service finished.
[2023-08-31 07:10:10] [info]  [ 5792] Apache Commons Daemon procrun finished.
[2023-08-31 07:10:32] [info]  [ 5520] Apache Commons Daemon procrun (1.2.4.0 64-bit) started.
[2023-08-31 07:10:32] [info]  [ 5520] Running Service 'Tomcat9'...
[2023-08-31 07:10:32] [info]  [ 6560] Starting service...
[2023-08-31 07:10:34] [info]  [ 6560] Service started in 1746 milliseconds.
[2023-09-01 13:36:24] [info]  [13980] Console SHUTDOWN event signaled.
[2023-09-01 13:36:24] [info]  [13980] Stopping service...
[2023-09-01 13:36:25] [info]  [13980] Service stop thread completed.
[2023-09-01 13:36:25] [info]  [ 5520] Run service finished.
[2023-09-01 13:36:25] [info]  [ 5520] Apache Commons Daemon procrun finished.
