
2022-06-09 18:36:29 Apache Commons Daemon procrun stderr initialized.
09-Jun-2022 18:36:33.074 정보 [main] org.apache.catalina.startup.VersionLoggerListener.log 서버 버전 이름:    Apache Tomcat/9.0.58
09-Jun-2022 18:36:33.115 정보 [main] org.apache.catalina.startup.VersionLoggerListener.log Server 빌드 시각:  Jan 15 2022 14:37:38 UTC
09-Jun-2022 18:36:33.124 정보 [main] org.apache.catalina.startup.VersionLoggerListener.log Server 버전 번호:  9.0.58.0
09-Jun-2022 18:36:33.126 정보 [main] org.apache.catalina.startup.VersionLoggerListener.log 운영체제 이름:     Windows 10
09-Jun-2022 18:36:33.126 정보 [main] org.apache.catalina.startup.VersionLoggerListener.log 운영체제 버전:     10.0
09-Jun-2022 18:36:33.126 정보 [main] org.apache.catalina.startup.VersionLoggerListener.log 아키텍처:          amd64
09-Jun-2022 18:36:33.126 정보 [main] org.apache.catalina.startup.VersionLoggerListener.log 자바 홈:           C:\Program Files\Java\jre1.8.0_321
09-Jun-2022 18:36:33.126 정보 [main] org.apache.catalina.startup.VersionLoggerListener.log JVM 버전:          1.8.0_321-b07
09-Jun-2022 18:36:33.126 정보 [main] org.apache.catalina.startup.VersionLoggerListener.log JVM 벤더:          Oracle Corporation
09-Jun-2022 18:36:33.126 정보 [main] org.apache.catalina.startup.VersionLoggerListener.log CATALINA_BASE:     C:\Tomcat9.0
09-Jun-2022 18:36:33.126 정보 [main] org.apache.catalina.startup.VersionLoggerListener.log CATALINA_HOME:     C:\Tomcat9.0
09-Jun-2022 18:36:33.154 정보 [main] org.apache.catalina.startup.VersionLoggerListener.log 명령 행 아규먼트:  -Dcatalina.home=C:\Tomcat9.0
09-Jun-2022 18:36:33.154 정보 [main] org.apache.catalina.startup.VersionLoggerListener.log 명령 행 아규먼트:  -Dcatalina.base=C:\Tomcat9.0
09-Jun-2022 18:36:33.154 정보 [main] org.apache.catalina.startup.VersionLoggerListener.log 명령 행 아규먼트:  -Djava.io.tmpdir=C:\Tomcat9.0\temp
09-Jun-2022 18:36:33.156 정보 [main] org.apache.catalina.startup.VersionLoggerListener.log 명령 행 아규먼트:  -Djava.util.logging.manager=org.apache.juli.ClassLoaderLogManager
09-Jun-2022 18:36:33.156 정보 [main] org.apache.catalina.startup.VersionLoggerListener.log 명령 행 아규먼트:  -Djava.util.logging.config.file=C:\Tomcat9.0\conf\logging.properties
09-Jun-2022 18:36:33.156 정보 [main] org.apache.catalina.startup.VersionLoggerListener.log 명령 행 아규먼트:  exit
09-Jun-2022 18:36:33.156 정보 [main] org.apache.catalina.startup.VersionLoggerListener.log 명령 행 아규먼트:  abort
09-Jun-2022 18:36:33.156 정보 [main] org.apache.catalina.startup.VersionLoggerListener.log 명령 행 아규먼트:  -Xms128m
09-Jun-2022 18:36:33.156 정보 [main] org.apache.catalina.startup.VersionLoggerListener.log 명령 행 아규먼트:  -Xmx256m
09-Jun-2022 18:36:33.187 정보 [main] org.apache.catalina.core.AprLifecycleListener.lifecycleEvent APR 버전 [1.7.0]을(를) 사용한, APR 기반 Apache Tomcat Native 라이브러리 [1.2.31]을(를) 로드했습니다.
09-Jun-2022 18:36:33.187 정보 [main] org.apache.catalina.core.AprLifecycleListener.lifecycleEvent APR 용량정보들: IPv6 [true], sendfile [true], accept filters [false], random [true], UDS [true].
09-Jun-2022 18:36:33.187 정보 [main] org.apache.catalina.core.AprLifecycleListener.lifecycleEvent APR/OpenSSL 설정: useAprConnector [false], useOpenSSL [true]
09-Jun-2022 18:36:33.259 정보 [main] org.apache.catalina.core.AprLifecycleListener.initializeSSL OpenSSL이 성공적으로 초기화되었습니다: [OpenSSL 1.1.1l  24 Aug 2021]
09-Jun-2022 18:36:36.694 정보 [main] org.apache.coyote.AbstractProtocol.init 프로토콜 핸들러 ["http-nio-8080"]을(를) 초기화합니다.
09-Jun-2022 18:36:36.735 정보 [main] org.apache.catalina.startup.Catalina.load [5795] 밀리초 내에 서버가 초기화되었습니다.
09-Jun-2022 18:36:36.779 정보 [main] org.apache.catalina.core.StandardService.startInternal 서비스 [Catalina]을(를) 시작합니다.
09-Jun-2022 18:36:36.779 정보 [main] org.apache.catalina.core.StandardEngine.startInternal 서버 엔진을 시작합니다: [Apache Tomcat/9.0.58]
09-Jun-2022 18:36:36.779 정보 [main] org.apache.catalina.startup.HostConfig.deployDirectory 웹 애플리케이션 디렉토리 [C:\Tomcat9.0\webapps\docs]을(를) 배치합니다.
09-Jun-2022 18:36:37.321 경고 [main] org.apache.catalina.util.SessionIdGeneratorBase.createSecureRandom [SHA1PRNG] 알고리즘을 사용하여, 세션 ID를 생성하기 위한 SecureRandom 객체를 생성하는데, [241] 밀리초가 소요됐습니다.
09-Jun-2022 18:36:37.344 정보 [main] org.apache.catalina.startup.HostConfig.deployDirectory 웹 애플리케이션 디렉토리 [C:\Tomcat9.0\webapps\docs]에 대한 배치가 [565] 밀리초에 완료되었습니다.
09-Jun-2022 18:36:37.360 정보 [main] org.apache.catalina.startup.HostConfig.deployDirectory 웹 애플리케이션 디렉토리 [C:\Tomcat9.0\webapps\manager]을(를) 배치합니다.
09-Jun-2022 18:36:37.437 정보 [main] org.apache.catalina.startup.HostConfig.deployDirectory 웹 애플리케이션 디렉토리 [C:\Tomcat9.0\webapps\manager]에 대한 배치가 [77] 밀리초에 완료되었습니다.
09-Jun-2022 18:36:37.438 정보 [main] org.apache.catalina.startup.HostConfig.deployDirectory 웹 애플리케이션 디렉토리 [C:\Tomcat9.0\webapps\ROOT]을(를) 배치합니다.
09-Jun-2022 18:36:37.464 정보 [main] org.apache.catalina.startup.HostConfig.deployDirectory 웹 애플리케이션 디렉토리 [C:\Tomcat9.0\webapps\ROOT]에 대한 배치가 [26] 밀리초에 완료되었습니다.
09-Jun-2022 18:36:37.480 정보 [main] org.apache.coyote.AbstractProtocol.start 프로토콜 핸들러 ["http-nio-8080"]을(를) 시작합니다.
09-Jun-2022 18:36:37.511 정보 [main] org.apache.catalina.startup.Catalina.start 서버가 [783] 밀리초 내에 시작되었습니다.
09-Jun-2022 18:59:52.572 정보 [Thread-4] org.apache.coyote.AbstractProtocol.pause 프로토콜 핸들러 ["http-nio-8080"]을(를) 일시 정지 중
09-Jun-2022 18:59:52.806 정보 [Thread-4] org.apache.catalina.core.StandardService.stopInternal 서비스 [Catalina]을(를) 중지시킵니다.
09-Jun-2022 18:59:52.844 정보 [Thread-4] org.apache.coyote.AbstractProtocol.stop 프로토콜 핸들러 ["http-nio-8080"]을(를) 중지시킵니다.
09-Jun-2022 18:59:52.875 정보 [Thread-4] org.apache.coyote.AbstractProtocol.destroy 프로토콜 핸들러 ["http-nio-8080"]을(를) 소멸시킵니다.

2022-06-09 21:20:47 Apache Commons Daemon procrun stderr initialized.
09-Jun-2022 21:20:48.291 정보 [main] org.apache.catalina.startup.VersionLoggerListener.log 서버 버전 이름:    Apache Tomcat/9.0.58
09-Jun-2022 21:20:48.307 정보 [main] org.apache.catalina.startup.VersionLoggerListener.log Server 빌드 시각:  Jan 15 2022 14:37:38 UTC
09-Jun-2022 21:20:48.307 정보 [main] org.apache.catalina.startup.VersionLoggerListener.log Server 버전 번호:  9.0.58.0
09-Jun-2022 21:20:48.307 정보 [main] org.apache.catalina.startup.VersionLoggerListener.log 운영체제 이름:     Windows 10
09-Jun-2022 21:20:48.307 정보 [main] org.apache.catalina.startup.VersionLoggerListener.log 운영체제 버전:     10.0
09-Jun-2022 21:20:48.307 정보 [main] org.apache.catalina.startup.VersionLoggerListener.log 아키텍처:          amd64
09-Jun-2022 21:20:48.307 정보 [main] org.apache.catalina.startup.VersionLoggerListener.log 자바 홈:           C:\Program Files\Java\jre1.8.0_321
09-Jun-2022 21:20:48.307 정보 [main] org.apache.catalina.startup.VersionLoggerListener.log JVM 버전:          1.8.0_321-b07
09-Jun-2022 21:20:48.307 정보 [main] org.apache.catalina.startup.VersionLoggerListener.log JVM 벤더:          Oracle Corporation
09-Jun-2022 21:20:48.307 정보 [main] org.apache.catalina.startup.VersionLoggerListener.log CATALINA_BASE:     C:\Tomcat9.0
09-Jun-2022 21:20:48.307 정보 [main] org.apache.catalina.startup.VersionLoggerListener.log CATALINA_HOME:     C:\Tomcat9.0
09-Jun-2022 21:20:48.313 정보 [main] org.apache.catalina.startup.VersionLoggerListener.log 명령 행 아규먼트:  -Dcatalina.home=C:\Tomcat9.0
09-Jun-2022 21:20:48.313 정보 [main] org.apache.catalina.startup.VersionLoggerListener.log 명령 행 아규먼트:  -Dcatalina.base=C:\Tomcat9.0
09-Jun-2022 21:20:48.313 정보 [main] org.apache.catalina.startup.VersionLoggerListener.log 명령 행 아규먼트:  -Djava.io.tmpdir=C:\Tomcat9.0\temp
09-Jun-2022 21:20:48.313 정보 [main] org.apache.catalina.startup.VersionLoggerListener.log 명령 행 아규먼트:  -Djava.util.logging.manager=org.apache.juli.ClassLoaderLogManager
09-Jun-2022 21:20:48.313 정보 [main] org.apache.catalina.startup.VersionLoggerListener.log 명령 행 아규먼트:  -Djava.util.logging.config.file=C:\Tomcat9.0\conf\logging.properties
09-Jun-2022 21:20:48.313 정보 [main] org.apache.catalina.startup.VersionLoggerListener.log 명령 행 아규먼트:  exit
09-Jun-2022 21:20:48.313 정보 [main] org.apache.catalina.startup.VersionLoggerListener.log 명령 행 아규먼트:  abort
09-Jun-2022 21:20:48.313 정보 [main] org.apache.catalina.startup.VersionLoggerListener.log 명령 행 아규먼트:  -Xms128m
09-Jun-2022 21:20:48.313 정보 [main] org.apache.catalina.startup.VersionLoggerListener.log 명령 행 아규먼트:  -Xmx256m
09-Jun-2022 21:20:48.313 정보 [main] org.apache.catalina.core.AprLifecycleListener.lifecycleEvent APR 버전 [1.7.0]을(를) 사용한, APR 기반 Apache Tomcat Native 라이브러리 [1.2.31]을(를) 로드했습니다.
09-Jun-2022 21:20:48.313 정보 [main] org.apache.catalina.core.AprLifecycleListener.lifecycleEvent APR 용량정보들: IPv6 [true], sendfile [true], accept filters [false], random [true], UDS [true].
09-Jun-2022 21:20:48.313 정보 [main] org.apache.catalina.core.AprLifecycleListener.lifecycleEvent APR/OpenSSL 설정: useAprConnector [false], useOpenSSL [true]
09-Jun-2022 21:20:48.344 정보 [main] org.apache.catalina.core.AprLifecycleListener.initializeSSL OpenSSL이 성공적으로 초기화되었습니다: [OpenSSL 1.1.1l  24 Aug 2021]
09-Jun-2022 21:20:51.580 정보 [main] org.apache.coyote.AbstractProtocol.init 프로토콜 핸들러 ["http-nio-8080"]을(를) 초기화합니다.
09-Jun-2022 21:20:52.237 정보 [main] org.apache.catalina.startup.Catalina.load [4250] 밀리초 내에 서버가 초기화되었습니다.
09-Jun-2022 21:20:52.864 정보 [main] org.apache.catalina.core.StandardService.startInternal 서비스 [Catalina]을(를) 시작합니다.
09-Jun-2022 21:20:52.867 정보 [main] org.apache.catalina.core.StandardEngine.startInternal 서버 엔진을 시작합니다: [Apache Tomcat/9.0.58]
09-Jun-2022 21:20:53.052 정보 [main] org.apache.catalina.startup.HostConfig.deployDirectory 웹 애플리케이션 디렉토리 [C:\Tomcat9.0\webapps\docs]을(를) 배치합니다.
09-Jun-2022 21:20:54.209 경고 [main] org.apache.catalina.util.SessionIdGeneratorBase.createSecureRandom [SHA1PRNG] 알고리즘을 사용하여, 세션 ID를 생성하기 위한 SecureRandom 객체를 생성하는데, [217] 밀리초가 소요됐습니다.
09-Jun-2022 21:20:54.240 정보 [main] org.apache.catalina.startup.HostConfig.deployDirectory 웹 애플리케이션 디렉토리 [C:\Tomcat9.0\webapps\docs]에 대한 배치가 [1,188] 밀리초에 완료되었습니다.
09-Jun-2022 21:20:54.240 정보 [main] org.apache.catalina.startup.HostConfig.deployDirectory 웹 애플리케이션 디렉토리 [C:\Tomcat9.0\webapps\manager]을(를) 배치합니다.
09-Jun-2022 21:20:54.338 정보 [main] org.apache.catalina.startup.HostConfig.deployDirectory 웹 애플리케이션 디렉토리 [C:\Tomcat9.0\webapps\manager]에 대한 배치가 [98] 밀리초에 완료되었습니다.
09-Jun-2022 21:20:54.338 정보 [main] org.apache.catalina.startup.HostConfig.deployDirectory 웹 애플리케이션 디렉토리 [C:\Tomcat9.0\webapps\ROOT]을(를) 배치합니다.
09-Jun-2022 21:20:54.403 정보 [main] org.apache.catalina.startup.HostConfig.deployDirectory 웹 애플리케이션 디렉토리 [C:\Tomcat9.0\webapps\ROOT]에 대한 배치가 [65] 밀리초에 완료되었습니다.
09-Jun-2022 21:20:54.417 정보 [main] org.apache.coyote.AbstractProtocol.start 프로토콜 핸들러 ["http-nio-8080"]을(를) 시작합니다.
09-Jun-2022 21:20:54.443 정보 [main] org.apache.catalina.startup.Catalina.start 서버가 [2203] 밀리초 내에 시작되었습니다.
09-Jun-2022 22:03:16.285 정보 [Thread-4] org.apache.coyote.AbstractProtocol.pause 프로토콜 핸들러 ["http-nio-8080"]을(를) 일시 정지 중
09-Jun-2022 22:03:16.457 정보 [Thread-4] org.apache.catalina.core.StandardService.stopInternal 서비스 [Catalina]을(를) 중지시킵니다.
09-Jun-2022 22:03:16.494 정보 [Thread-4] org.apache.coyote.AbstractProtocol.stop 프로토콜 핸들러 ["http-nio-8080"]을(를) 중지시킵니다.
09-Jun-2022 22:03:16.509 정보 [Thread-4] org.apache.coyote.AbstractProtocol.destroy 프로토콜 핸들러 ["http-nio-8080"]을(를) 소멸시킵니다.
