
2022-07-07 02:49:02 Apache Commons Daemon procrun stderr initialized.
07-Jul-2022 02:49:08.011 정보 [main] org.apache.catalina.startup.VersionLoggerListener.log 서버 버전 이름:    Apache Tomcat/9.0.58
07-Jul-2022 02:49:08.021 정보 [main] org.apache.catalina.startup.VersionLoggerListener.log Server 빌드 시각:  Jan 15 2022 14:37:38 UTC
07-Jul-2022 02:49:08.021 정보 [main] org.apache.catalina.startup.VersionLoggerListener.log Server 버전 번호:  9.0.58.0
07-Jul-2022 02:49:08.021 정보 [main] org.apache.catalina.startup.VersionLoggerListener.log 운영체제 이름:     Windows 10
07-Jul-2022 02:49:08.021 정보 [main] org.apache.catalina.startup.VersionLoggerListener.log 운영체제 버전:     10.0
07-Jul-2022 02:49:08.021 정보 [main] org.apache.catalina.startup.VersionLoggerListener.log 아키텍처:          amd64
07-Jul-2022 02:49:08.021 정보 [main] org.apache.catalina.startup.VersionLoggerListener.log 자바 홈:           C:\Program Files\Java\jre1.8.0_321
07-Jul-2022 02:49:08.021 정보 [main] org.apache.catalina.startup.VersionLoggerListener.log JVM 버전:          1.8.0_321-b07
07-Jul-2022 02:49:08.021 정보 [main] org.apache.catalina.startup.VersionLoggerListener.log JVM 벤더:          Oracle Corporation
07-Jul-2022 02:49:08.021 정보 [main] org.apache.catalina.startup.VersionLoggerListener.log CATALINA_BASE:     C:\Tomcat9.0
07-Jul-2022 02:49:08.021 정보 [main] org.apache.catalina.startup.VersionLoggerListener.log CATALINA_HOME:     C:\Tomcat9.0
07-Jul-2022 02:49:08.031 정보 [main] org.apache.catalina.startup.VersionLoggerListener.log 명령 행 아규먼트:  -Dcatalina.home=C:\Tomcat9.0
07-Jul-2022 02:49:08.031 정보 [main] org.apache.catalina.startup.VersionLoggerListener.log 명령 행 아규먼트:  -Dcatalina.base=C:\Tomcat9.0
07-Jul-2022 02:49:08.031 정보 [main] org.apache.catalina.startup.VersionLoggerListener.log 명령 행 아규먼트:  -Djava.io.tmpdir=C:\Tomcat9.0\temp
07-Jul-2022 02:49:08.031 정보 [main] org.apache.catalina.startup.VersionLoggerListener.log 명령 행 아규먼트:  -Djava.util.logging.manager=org.apache.juli.ClassLoaderLogManager
07-Jul-2022 02:49:08.031 정보 [main] org.apache.catalina.startup.VersionLoggerListener.log 명령 행 아규먼트:  -Djava.util.logging.config.file=C:\Tomcat9.0\conf\logging.properties
07-Jul-2022 02:49:08.031 정보 [main] org.apache.catalina.startup.VersionLoggerListener.log 명령 행 아규먼트:  exit
07-Jul-2022 02:49:08.031 정보 [main] org.apache.catalina.startup.VersionLoggerListener.log 명령 행 아규먼트:  abort
07-Jul-2022 02:49:08.039 정보 [main] org.apache.catalina.startup.VersionLoggerListener.log 명령 행 아규먼트:  -Xms128m
07-Jul-2022 02:49:08.039 정보 [main] org.apache.catalina.startup.VersionLoggerListener.log 명령 행 아규먼트:  -Xmx256m
07-Jul-2022 02:49:08.049 정보 [main] org.apache.catalina.core.AprLifecycleListener.lifecycleEvent APR 버전 [1.7.0]을(를) 사용한, APR 기반 Apache Tomcat Native 라이브러리 [1.2.31]을(를) 로드했습니다.
07-Jul-2022 02:49:08.049 정보 [main] org.apache.catalina.core.AprLifecycleListener.lifecycleEvent APR 용량정보들: IPv6 [true], sendfile [true], accept filters [false], random [true], UDS [true].
07-Jul-2022 02:49:08.049 정보 [main] org.apache.catalina.core.AprLifecycleListener.lifecycleEvent APR/OpenSSL 설정: useAprConnector [false], useOpenSSL [true]
07-Jul-2022 02:49:08.072 정보 [main] org.apache.catalina.core.AprLifecycleListener.initializeSSL OpenSSL이 성공적으로 초기화되었습니다: [OpenSSL 1.1.1l  24 Aug 2021]
07-Jul-2022 02:49:08.748 정보 [main] org.apache.coyote.AbstractProtocol.init 프로토콜 핸들러 ["http-nio-8080"]을(를) 초기화합니다.
07-Jul-2022 02:49:08.779 정보 [main] org.apache.catalina.startup.Catalina.load [1176] 밀리초 내에 서버가 초기화되었습니다.
07-Jul-2022 02:49:08.848 정보 [main] org.apache.catalina.core.StandardService.startInternal 서비스 [Catalina]을(를) 시작합니다.
07-Jul-2022 02:49:08.848 정보 [main] org.apache.catalina.core.StandardEngine.startInternal 서버 엔진을 시작합니다: [Apache Tomcat/9.0.58]
07-Jul-2022 02:49:08.864 정보 [main] org.apache.catalina.startup.HostConfig.deployDirectory 웹 애플리케이션 디렉토리 [C:\Tomcat9.0\webapps\docs]을(를) 배치합니다.
07-Jul-2022 02:49:09.553 경고 [main] org.apache.catalina.util.SessionIdGeneratorBase.createSecureRandom [SHA1PRNG] 알고리즘을 사용하여, 세션 ID를 생성하기 위한 SecureRandom 객체를 생성하는데, [342] 밀리초가 소요됐습니다.
07-Jul-2022 02:49:09.591 정보 [main] org.apache.catalina.startup.HostConfig.deployDirectory 웹 애플리케이션 디렉토리 [C:\Tomcat9.0\webapps\docs]에 대한 배치가 [727] 밀리초에 완료되었습니다.
07-Jul-2022 02:49:09.591 정보 [main] org.apache.catalina.startup.HostConfig.deployDirectory 웹 애플리케이션 디렉토리 [C:\Tomcat9.0\webapps\manager]을(를) 배치합니다.
07-Jul-2022 02:49:09.667 정보 [main] org.apache.catalina.startup.HostConfig.deployDirectory 웹 애플리케이션 디렉토리 [C:\Tomcat9.0\webapps\manager]에 대한 배치가 [60] 밀리초에 완료되었습니다.
07-Jul-2022 02:49:09.667 정보 [main] org.apache.catalina.startup.HostConfig.deployDirectory 웹 애플리케이션 디렉토리 [C:\Tomcat9.0\webapps\ROOT]을(를) 배치합니다.
07-Jul-2022 02:49:09.691 정보 [main] org.apache.catalina.startup.HostConfig.deployDirectory 웹 애플리케이션 디렉토리 [C:\Tomcat9.0\webapps\ROOT]에 대한 배치가 [24] 밀리초에 완료되었습니다.
07-Jul-2022 02:49:09.691 정보 [main] org.apache.coyote.AbstractProtocol.start 프로토콜 핸들러 ["http-nio-8080"]을(를) 시작합니다.
07-Jul-2022 02:49:09.722 정보 [main] org.apache.catalina.startup.Catalina.start 서버가 [934] 밀리초 내에 시작되었습니다.
08-Jul-2022 20:38:54.918 정보 [Thread-4] org.apache.coyote.AbstractProtocol.pause 프로토콜 핸들러 ["http-nio-8080"]을(를) 일시 정지 중
08-Jul-2022 20:38:55.136 정보 [Thread-4] org.apache.catalina.core.StandardService.stopInternal 서비스 [Catalina]을(를) 중지시킵니다.
08-Jul-2022 20:38:55.155 정보 [Thread-4] org.apache.coyote.AbstractProtocol.stop 프로토콜 핸들러 ["http-nio-8080"]을(를) 중지시킵니다.
08-Jul-2022 20:38:55.171 정보 [Thread-4] org.apache.coyote.AbstractProtocol.destroy 프로토콜 핸들러 ["http-nio-8080"]을(를) 소멸시킵니다.
