
2022-07-18 22:08:54 Apache Commons Daemon procrun stderr initialized.
18-Jul-2022 22:08:56.161 정보 [main] org.apache.catalina.startup.VersionLoggerListener.log 서버 버전 이름:    Apache Tomcat/9.0.58
18-Jul-2022 22:08:56.161 정보 [main] org.apache.catalina.startup.VersionLoggerListener.log Server 빌드 시각:  Jan 15 2022 14:37:38 UTC
18-Jul-2022 22:08:56.161 정보 [main] org.apache.catalina.startup.VersionLoggerListener.log Server 버전 번호:  9.0.58.0
18-Jul-2022 22:08:56.161 정보 [main] org.apache.catalina.startup.VersionLoggerListener.log 운영체제 이름:     Windows 10
18-Jul-2022 22:08:56.161 정보 [main] org.apache.catalina.startup.VersionLoggerListener.log 운영체제 버전:     10.0
18-Jul-2022 22:08:56.161 정보 [main] org.apache.catalina.startup.VersionLoggerListener.log 아키텍처:          amd64
18-Jul-2022 22:08:56.161 정보 [main] org.apache.catalina.startup.VersionLoggerListener.log 자바 홈:           C:\Program Files\Java\jre1.8.0_321
18-Jul-2022 22:08:56.161 정보 [main] org.apache.catalina.startup.VersionLoggerListener.log JVM 버전:          1.8.0_321-b07
18-Jul-2022 22:08:56.161 정보 [main] org.apache.catalina.startup.VersionLoggerListener.log JVM 벤더:          Oracle Corporation
18-Jul-2022 22:08:56.161 정보 [main] org.apache.catalina.startup.VersionLoggerListener.log CATALINA_BASE:     C:\Tomcat9.0
18-Jul-2022 22:08:56.161 정보 [main] org.apache.catalina.startup.VersionLoggerListener.log CATALINA_HOME:     C:\Tomcat9.0
18-Jul-2022 22:08:56.177 정보 [main] org.apache.catalina.startup.VersionLoggerListener.log 명령 행 아규먼트:  -Dcatalina.home=C:\Tomcat9.0
18-Jul-2022 22:08:56.177 정보 [main] org.apache.catalina.startup.VersionLoggerListener.log 명령 행 아규먼트:  -Dcatalina.base=C:\Tomcat9.0
18-Jul-2022 22:08:56.177 정보 [main] org.apache.catalina.startup.VersionLoggerListener.log 명령 행 아규먼트:  -Djava.io.tmpdir=C:\Tomcat9.0\temp
18-Jul-2022 22:08:56.177 정보 [main] org.apache.catalina.startup.VersionLoggerListener.log 명령 행 아규먼트:  -Djava.util.logging.manager=org.apache.juli.ClassLoaderLogManager
18-Jul-2022 22:08:56.177 정보 [main] org.apache.catalina.startup.VersionLoggerListener.log 명령 행 아규먼트:  -Djava.util.logging.config.file=C:\Tomcat9.0\conf\logging.properties
18-Jul-2022 22:08:56.177 정보 [main] org.apache.catalina.startup.VersionLoggerListener.log 명령 행 아규먼트:  exit
18-Jul-2022 22:08:56.177 정보 [main] org.apache.catalina.startup.VersionLoggerListener.log 명령 행 아규먼트:  abort
18-Jul-2022 22:08:56.177 정보 [main] org.apache.catalina.startup.VersionLoggerListener.log 명령 행 아규먼트:  -Xms128m
18-Jul-2022 22:08:56.177 정보 [main] org.apache.catalina.startup.VersionLoggerListener.log 명령 행 아규먼트:  -Xmx256m
18-Jul-2022 22:08:56.177 정보 [main] org.apache.catalina.core.AprLifecycleListener.lifecycleEvent APR 버전 [1.7.0]을(를) 사용한, APR 기반 Apache Tomcat Native 라이브러리 [1.2.31]을(를) 로드했습니다.
18-Jul-2022 22:08:56.177 정보 [main] org.apache.catalina.core.AprLifecycleListener.lifecycleEvent APR 용량정보들: IPv6 [true], sendfile [true], accept filters [false], random [true], UDS [true].
18-Jul-2022 22:08:56.177 정보 [main] org.apache.catalina.core.AprLifecycleListener.lifecycleEvent APR/OpenSSL 설정: useAprConnector [false], useOpenSSL [true]
18-Jul-2022 22:08:56.208 정보 [main] org.apache.catalina.core.AprLifecycleListener.initializeSSL OpenSSL이 성공적으로 초기화되었습니다: [OpenSSL 1.1.1l  24 Aug 2021]
18-Jul-2022 22:08:56.763 정보 [main] org.apache.coyote.AbstractProtocol.init 프로토콜 핸들러 ["http-nio-8080"]을(를) 초기화합니다.
18-Jul-2022 22:08:56.810 정보 [main] org.apache.catalina.startup.Catalina.load [993] 밀리초 내에 서버가 초기화되었습니다.
18-Jul-2022 22:08:56.894 정보 [main] org.apache.catalina.core.StandardService.startInternal 서비스 [Catalina]을(를) 시작합니다.
18-Jul-2022 22:08:56.894 정보 [main] org.apache.catalina.core.StandardEngine.startInternal 서버 엔진을 시작합니다: [Apache Tomcat/9.0.58]
18-Jul-2022 22:08:56.910 정보 [main] org.apache.catalina.startup.HostConfig.deployDirectory 웹 애플리케이션 디렉토리 [C:\Tomcat9.0\webapps\docs]을(를) 배치합니다.
18-Jul-2022 22:08:57.427 경고 [main] org.apache.catalina.util.SessionIdGeneratorBase.createSecureRandom [SHA1PRNG] 알고리즘을 사용하여, 세션 ID를 생성하기 위한 SecureRandom 객체를 생성하는데, [216] 밀리초가 소요됐습니다.
18-Jul-2022 22:08:57.465 정보 [main] org.apache.catalina.startup.HostConfig.deployDirectory 웹 애플리케이션 디렉토리 [C:\Tomcat9.0\webapps\docs]에 대한 배치가 [555] 밀리초에 완료되었습니다.
18-Jul-2022 22:08:57.480 정보 [main] org.apache.catalina.startup.HostConfig.deployDirectory 웹 애플리케이션 디렉토리 [C:\Tomcat9.0\webapps\manager]을(를) 배치합니다.
18-Jul-2022 22:08:57.565 정보 [main] org.apache.catalina.startup.HostConfig.deployDirectory 웹 애플리케이션 디렉토리 [C:\Tomcat9.0\webapps\manager]에 대한 배치가 [85] 밀리초에 완료되었습니다.
18-Jul-2022 22:08:57.565 정보 [main] org.apache.catalina.startup.HostConfig.deployDirectory 웹 애플리케이션 디렉토리 [C:\Tomcat9.0\webapps\ROOT]을(를) 배치합니다.
18-Jul-2022 22:08:57.596 정보 [main] org.apache.catalina.startup.HostConfig.deployDirectory 웹 애플리케이션 디렉토리 [C:\Tomcat9.0\webapps\ROOT]에 대한 배치가 [31] 밀리초에 완료되었습니다.
18-Jul-2022 22:08:57.612 정보 [main] org.apache.coyote.AbstractProtocol.start 프로토콜 핸들러 ["http-nio-8080"]을(를) 시작합니다.
18-Jul-2022 22:08:57.643 정보 [main] org.apache.catalina.startup.Catalina.start 서버가 [822] 밀리초 내에 시작되었습니다.
21-Jul-2022 03:14:11.794 정보 [Thread-4] org.apache.coyote.AbstractProtocol.pause 프로토콜 핸들러 ["http-nio-8080"]을(를) 일시 정지 중
21-Jul-2022 03:14:12.028 정보 [Thread-4] org.apache.catalina.core.StandardService.stopInternal 서비스 [Catalina]을(를) 중지시킵니다.
21-Jul-2022 03:14:12.039 정보 [Thread-4] org.apache.coyote.AbstractProtocol.stop 프로토콜 핸들러 ["http-nio-8080"]을(를) 중지시킵니다.
21-Jul-2022 03:14:12.055 정보 [Thread-4] org.apache.coyote.AbstractProtocol.destroy 프로토콜 핸들러 ["http-nio-8080"]을(를) 소멸시킵니다.
